2023-12-13 18:03:30 INFO  Main:33 - Enter the food Item: 
2023-12-13 18:03:32 INFO  FoodCourt:53 - Food Ordered: Burger
2023-12-13 18:03:32 INFO  Main:36 - Order Received!
2023-12-13 18:03:32 INFO  Person:51 - I ate: Pork Fried Rice from: Panda Express it cost: 12.0
2023-12-13 18:03:32 INFO  Main:60 - Security Level: MEDIUM
2023-12-13 18:03:32 INFO  Main:72 - Flight departure time: 2023-12-01 08:00:00, arrival time: 2023-12-01 11:00:00, price: 250, flight ID: 1, Passenger List: [Passenger: Person: [Name: Ryan Reynolds, bday: 1991-02-04, Sex: Male], Assistance: false, Guardian: false, Security: true, Passenger ID: 1, Status: N/A, Luggage Details: [], Passenger: Person: [Name: Jake Gyllenhal, bday: 1989-03-12, Sex: Male], Assistance: false, Guardian: false, Security: true, Passenger ID: 2, Status: N/A, Luggage Details: []]
2023-12-13 18:03:32 INFO  Luggage:42 - Bag is Checked
2023-12-13 18:03:32 INFO  Luggage:42 - Bag is Checked
2023-12-13 18:03:32 ERROR Main:95 - Error:Bag is too heavy and will cost you more
2023-12-13 18:03:32 INFO  Restroom:53 - Restroom is available for use
2023-12-13 18:03:32 INFO  Main:126 - Enter a flight Id
2023-12-13 18:03:32 ERROR Main:158 - Error: No line found
2023-12-13 18:03:32 INFO  AirportUtils:20 - interfaces.AirportUtils is initializing...
2023-12-13 18:03:32 ERROR Main:175 - Error handling invalid Gate: Invalid gate number: B456
2023-12-13 18:03:32 INFO  Main:184 - Constructors: [public com.solvd.airport.Flight(java.time.LocalDateTime,java.time.LocalDateTime,int,com.solvd.enums.FlightType)]
2023-12-13 18:03:32 INFO  Main:187 - Methods: [public void com.solvd.airport.Flight.setFlightStatus(com.solvd.enums.FlightStatus), public void com.solvd.airport.Flight.addPassenger(com.solvd.people.Passenger), public void com.solvd.airport.Flight.setAirline(com.solvd.airport.Airline), public java.lang.String com.solvd.airport.Flight.toString(), public com.solvd.airport.Airline com.solvd.airport.Flight.getAirline(), public void com.solvd.airport.Flight.removePassengerById(int), public void com.solvd.airport.Flight.displayStatusMessage(), public void com.solvd.airport.Flight.setFlightType(), public java.util.ArrayList com.solvd.airport.Flight.getPassengers(), public int com.solvd.airport.Flight.getFlightId(), public com.solvd.enums.FlightStatus com.solvd.airport.Flight.getFlightStatus(), public void com.solvd.airport.Flight.setPassengers(java.util.ArrayList), public void com.solvd.airport.Flight.setArrivalTime(java.time.LocalDateTime), public com.solvd.people.Passenger com.solvd.airport.Flight.findPassengerById(int) throws com.solvd.exceptions.PassengerNotFoundException, public java.time.LocalDateTime com.solvd.airport.Flight.getDepartureTime(), public void com.solvd.airport.Flight.setDepartureTime(java.time.LocalDateTime), public java.time.LocalDateTime com.solvd.airport.Flight.getArrivalTime(), public com.solvd.enums.FlightType com.solvd.airport.Flight.getFlightType(), public int com.solvd.airport.Flight.getPrice(), public void com.solvd.airport.Flight.setPrice(int), public boolean java.lang.Object.equals(java.lang.Object), public native int java.lang.Object.hashCode(), public final native java.lang.Class java.lang.Object.getClass(), public final native void java.lang.Object.notify(), public final native void java.lang.Object.notifyAll(), public final void java.lang.Object.wait(long) throws java.lang.InterruptedException, public final void java.lang.Object.wait(long,int) throws java.lang.InterruptedException, public final void java.lang.Object.wait() throws java.lang.InterruptedException]
2023-12-13 18:03:32 INFO  Main:190 - Fields: [private static final org.apache.logging.log4j.Logger com.solvd.airport.Flight.LOGGER, private static int com.solvd.airport.Flight.flightIdCounter, private int com.solvd.airport.Flight.flightId, private java.time.LocalDateTime com.solvd.airport.Flight.departureTime, private java.time.LocalDateTime com.solvd.airport.Flight.arrivalTime, private int com.solvd.airport.Flight.price, private java.util.ArrayList com.solvd.airport.Flight.passengers, private com.solvd.airport.Airline com.solvd.airport.Flight.airline, private com.solvd.enums.FlightStatus com.solvd.airport.Flight.flightStatus, private com.solvd.enums.FlightType com.solvd.airport.Flight.flightType]
2023-12-13 18:03:32 ERROR Main:218 - Error: com.solvd.airport.Flight.<init>()
2023-12-13 19:01:03 INFO  Main:33 - Enter the food Item: 
2023-12-13 19:01:07 INFO  FoodCourt:53 - Food Ordered: Burger
2023-12-13 19:01:07 INFO  Main:36 - Order Received!
2023-12-13 19:01:07 INFO  Person:51 - I ate: Pork Fried Rice from: Panda Express it cost: 12.0
2023-12-13 19:01:07 INFO  Main:60 - Security Level: MEDIUM
2023-12-13 19:01:07 INFO  Main:72 - Flight departure time: 2023-12-01 08:00:00, arrival time: 2023-12-01 11:00:00, price: 250, flight ID: 1, Passenger List: [Passenger: Person: [Name: Ryan Reynolds, bday: 1991-02-04, Sex: Male], Assistance: false, Guardian: false, Security: true, Passenger ID: 1, Status: N/A, Luggage Details: [], Passenger: Person: [Name: Jake Gyllenhal, bday: 1989-03-12, Sex: Male], Assistance: false, Guardian: false, Security: true, Passenger ID: 2, Status: N/A, Luggage Details: []]
2023-12-13 19:01:07 INFO  Luggage:42 - Bag is Checked
2023-12-13 19:01:07 INFO  Luggage:42 - Bag is Checked
2023-12-13 19:01:07 ERROR Main:95 - Error:Bag is too heavy and will cost you more
2023-12-13 19:01:07 INFO  Restroom:53 - Restroom is available for use
2023-12-13 19:01:07 INFO  Main:126 - Enter a flight Id
2023-12-13 19:01:07 ERROR Main:158 - Error: No line found
2023-12-13 19:01:07 INFO  AirportUtils:20 - interfaces.AirportUtils is initializing...
2023-12-13 19:01:07 ERROR Main:175 - Error handling invalid Gate: Invalid gate number: B456
2023-12-13 19:08:59 INFO  Main:33 - Enter the food Item: 
2023-12-13 19:09:03 INFO  FoodCourt:53 - Food Ordered: Salad
2023-12-13 19:09:03 INFO  Main:36 - Order Received!
2023-12-13 19:09:03 INFO  Person:51 - I ate: Pork Fried Rice from: Panda Express it cost: 12.0
2023-12-13 19:09:03 INFO  Main:60 - Security Level: MEDIUM
2023-12-13 19:09:03 INFO  Main:72 - Flight departure time: 2023-12-01 08:00:00, arrival time: 2023-12-01 11:00:00, price: 250, flight ID: 1, Passenger List: [Passenger: Person: [Name: Ryan Reynolds, bday: 1991-02-04, Sex: Male], Assistance: false, Guardian: false, Security: true, Passenger ID: 1, Status: N/A, Luggage Details: [], Passenger: Person: [Name: Jake Gyllenhal, bday: 1989-03-12, Sex: Male], Assistance: false, Guardian: false, Security: true, Passenger ID: 2, Status: N/A, Luggage Details: []]
2023-12-13 19:09:03 INFO  Luggage:42 - Bag is Checked
2023-12-13 19:09:03 INFO  Luggage:42 - Bag is Checked
2023-12-13 19:09:03 ERROR Main:95 - Error:Bag is too heavy and will cost you more
2023-12-13 19:09:03 INFO  Restroom:53 - Restroom is available for use
2023-12-13 19:09:03 INFO  Main:126 - Enter a flight Id
2023-12-13 19:09:03 ERROR Main:158 - Error: No line found
2023-12-13 19:09:03 INFO  AirportUtils:20 - interfaces.AirportUtils is initializing...
2023-12-13 19:09:03 ERROR Main:175 - Error handling invalid Gate: Invalid gate number: B456
2023-12-13 19:09:03 INFO  Main:221 - Newly created Flight: Flight departure time: 2023-12-13 19:09:03, arrival time: 2023-12-13 22:09:03, price: 500, flight ID: 0, Passenger List: null
